<?xml version="1.0" encoding="UTF-8"?>
<testsuite xmlns:xsi="http://www.w3.org/2001/XMLSchema-instance" xsi:noNamespaceSchemaLocation="https://maven.apache.org/surefire/maven-surefire-plugin/xsd/surefire-test-report.xsd" name="com.digite.cloud.vcs.DocumentArchTests" time="4.193" tests="1" errors="0" skipped="0" failures="1">
  <properties>
    <property name="java.specification.version" value="17"/>
    <property name="sun.jnu.encoding" value="UTF-8"/>
    <property name="java.class.path" value="/home/lpatil/BAAS/GIt ka tamasha/git-service/git-service-fabric/target/test-classes:/home/lpatil/BAAS/GIt ka tamasha/git-service/git-service-fabric/target/classes:/home/lpatil/BAAS/GIt ka tamasha/git-service/git-data-lib/target/git-data-lib-1.0-SNAPSHOT.jar:/home/lpatil/.m2/repository/org/springframework/boot/spring-boot-starter-webflux/2.7.1/spring-boot-starter-webflux-2.7.1.jar:/home/lpatil/.m2/repository/org/springframework/boot/spring-boot-starter-json/2.7.1/spring-boot-starter-json-2.7.1.jar:/home/lpatil/.m2/repository/com/fasterxml/jackson/datatype/jackson-datatype-jsr310/2.13.3/jackson-datatype-jsr310-2.13.3.jar:/home/lpatil/.m2/repository/com/fasterxml/jackson/module/jackson-module-parameter-names/2.13.3/jackson-module-parameter-names-2.13.3.jar:/home/lpatil/.m2/repository/org/springframework/boot/spring-boot-starter-reactor-netty/2.7.1/spring-boot-starter-reactor-netty-2.7.1.jar:/home/lpatil/.m2/repository/io/projectreactor/netty/reactor-netty-http/1.0.20/reactor-netty-http-1.0.20.jar:/home/lpatil/.m2/repository/io/netty/netty-codec-http/4.1.78.Final/netty-codec-http-4.1.78.Final.jar:/home/lpatil/.m2/repository/io/netty/netty-codec-http2/4.1.78.Final/netty-codec-http2-4.1.78.Final.jar:/home/lpatil/.m2/repository/io/netty/netty-resolver-dns/4.1.78.Final/netty-resolver-dns-4.1.78.Final.jar:/home/lpatil/.m2/repository/io/netty/netty-codec-dns/4.1.78.Final/netty-codec-dns-4.1.78.Final.jar:/home/lpatil/.m2/repository/io/netty/netty-resolver-dns-native-macos/4.1.78.Final/netty-resolver-dns-native-macos-4.1.78.Final-osx-x86_64.jar:/home/lpatil/.m2/repository/io/netty/netty-resolver-dns-classes-macos/4.1.78.Final/netty-resolver-dns-classes-macos-4.1.78.Final.jar:/home/lpatil/.m2/repository/io/netty/netty-transport-native-epoll/4.1.78.Final/netty-transport-native-epoll-4.1.78.Final-linux-x86_64.jar:/home/lpatil/.m2/repository/io/projectreactor/netty/reactor-netty-core/1.0.20/reactor-netty-core-1.0.20.jar:/home/lpatil/.m2/repository/io/netty/netty-handler-proxy/4.1.78.Final/netty-handler-proxy-4.1.78.Final.jar:/home/lpatil/.m2/repository/io/netty/netty-codec-socks/4.1.78.Final/netty-codec-socks-4.1.78.Final.jar:/home/lpatil/.m2/repository/org/springframework/spring-webflux/5.3.21/spring-webflux-5.3.21.jar:/home/lpatil/.m2/repository/org/springframework/boot/spring-boot-starter-data-mongodb-reactive/2.7.1/spring-boot-starter-data-mongodb-reactive-2.7.1.jar:/home/lpatil/.m2/repository/io/projectreactor/reactor-core/3.4.19/reactor-core-3.4.19.jar:/home/lpatil/.m2/repository/org/reactivestreams/reactive-streams/1.0.4/reactive-streams-1.0.4.jar:/home/lpatil/.m2/repository/org/mongodb/mongodb-driver-reactivestreams/4.6.1/mongodb-driver-reactivestreams-4.6.1.jar:/home/lpatil/.m2/repository/io/netty/netty-handler/4.1.78.Final/netty-handler-4.1.78.Final.jar:/home/lpatil/.m2/repository/io/netty/netty-common/4.1.78.Final/netty-common-4.1.78.Final.jar:/home/lpatil/.m2/repository/io/netty/netty-resolver/4.1.78.Final/netty-resolver-4.1.78.Final.jar:/home/lpatil/.m2/repository/io/netty/netty-buffer/4.1.78.Final/netty-buffer-4.1.78.Final.jar:/home/lpatil/.m2/repository/io/netty/netty-transport/4.1.78.Final/netty-transport-4.1.78.Final.jar:/home/lpatil/.m2/repository/io/netty/netty-transport-native-unix-common/4.1.78.Final/netty-transport-native-unix-common-4.1.78.Final.jar:/home/lpatil/.m2/repository/io/netty/netty-codec/4.1.78.Final/netty-codec-4.1.78.Final.jar:/home/lpatil/.m2/repository/org/springframework/data/spring-data-mongodb/3.4.1/spring-data-mongodb-3.4.1.jar:/home/lpatil/.m2/repository/org/springframework/spring-tx/5.3.21/spring-tx-5.3.21.jar:/home/lpatil/.m2/repository/org/springframework/spring-context/5.3.21/spring-context-5.3.21.jar:/home/lpatil/.m2/repository/org/springframework/spring-aop/5.3.21/spring-aop-5.3.21.jar:/home/lpatil/.m2/repository/org/springframework/spring-beans/5.3.21/spring-beans-5.3.21.jar:/home/lpatil/.m2/repository/org/springframework/spring-core/5.3.21/spring-core-5.3.21.jar:/home/lpatil/.m2/repository/org/springframework/spring-jcl/5.3.21/spring-jcl-5.3.21.jar:/home/lpatil/.m2/repository/org/springframework/spring-expression/5.3.21/spring-expression-5.3.21.jar:/home/lpatil/.m2/repository/org/springframework/data/spring-data-commons/2.7.1/spring-data-commons-2.7.1.jar:/home/lpatil/.m2/repository/org/mongodb/mongodb-driver-core/4.6.1/mongodb-driver-core-4.6.1.jar:/home/lpatil/.m2/repository/org/mongodb/bson/4.6.1/bson-4.6.1.jar:/home/lpatil/.m2/repository/org/mongodb/bson-record-codec/4.6.1/bson-record-codec-4.6.1.jar:/home/lpatil/.m2/repository/org/slf4j/slf4j-api/1.7.36/slf4j-api-1.7.36.jar:/home/lpatil/.m2/repository/com/digite/cloud/fabric/fabric-spring-boot-starter/1.0.1/fabric-spring-boot-starter-1.0.1.jar:/home/lpatil/.m2/repository/org/springframework/boot/spring-boot-starter-log4j2/2.7.1/spring-boot-starter-log4j2-2.7.1.jar:/home/lpatil/.m2/repository/org/apache/logging/log4j/log4j-slf4j-impl/2.17.2/log4j-slf4j-impl-2.17.2.jar:/home/lpatil/.m2/repository/org/apache/logging/log4j/log4j-core/2.17.2/log4j-core-2.17.2.jar:/home/lpatil/.m2/repository/org/apache/logging/log4j/log4j-jul/2.17.2/log4j-jul-2.17.2.jar:/home/lpatil/.m2/repository/org/slf4j/jul-to-slf4j/1.7.36/jul-to-slf4j-1.7.36.jar:/home/lpatil/.m2/repository/org/apache/logging/log4j/log4j-spring-cloud-config-client/2.18.0/log4j-spring-cloud-config-client-2.18.0.jar:/home/lpatil/.m2/repository/org/apache/logging/log4j/log4j-spring-boot/2.17.2/log4j-spring-boot-2.17.2.jar:/home/lpatil/.m2/repository/org/springframework/spring-context-support/5.3.21/spring-context-support-5.3.21.jar:/home/lpatil/.m2/repository/org/springframework/cloud/spring-cloud-starter-bootstrap/3.1.3/spring-cloud-starter-bootstrap-3.1.3.jar:/home/lpatil/.m2/repository/org/springframework/cloud/spring-cloud-config-client/3.1.3/spring-cloud-config-client-3.1.3.jar:/home/lpatil/.m2/repository/org/springframework/cloud/spring-cloud-commons/3.1.3/spring-cloud-commons-3.1.3.jar:/home/lpatil/.m2/repository/org/springframework/security/spring-security-crypto/5.7.2/spring-security-crypto-5.7.2.jar:/home/lpatil/.m2/repository/org/springframework/cloud/spring-cloud-context/3.1.3/spring-cloud-context-3.1.3.jar:/home/lpatil/.m2/repository/org/springframework/cloud/spring-cloud-bus/3.1.2/spring-cloud-bus-3.1.2.jar:/home/lpatil/.m2/repository/org/springframework/integration/spring-integration-core/5.5.13/spring-integration-core-5.5.13.jar:/home/lpatil/.m2/repository/commons-logging/commons-logging/1.2/commons-logging-1.2.jar:/home/lpatil/.m2/repository/org/apache/logging/log4j/log4j-api/2.17.2/log4j-api-2.17.2.jar:/home/lpatil/.m2/repository/pl/tkowalcz/tjahzi/log4j2-appender/0.9.24/log4j2-appender-0.9.24.jar:/home/lpatil/.m2/repository/pl/tkowalcz/tjahzi/core/0.9.24/core-0.9.24.jar:/home/lpatil/.m2/repository/org/agrona/agrona/1.12.0/agrona-1.12.0.jar:/home/lpatil/.m2/repository/org/springframework/boot/spring-boot-starter-actuator/2.7.1/spring-boot-starter-actuator-2.7.1.jar:/home/lpatil/.m2/repository/org/springframework/boot/spring-boot-actuator-autoconfigure/2.7.1/spring-boot-actuator-autoconfigure-2.7.1.jar:/home/lpatil/.m2/repository/org/springframework/boot/spring-boot-actuator/2.7.1/spring-boot-actuator-2.7.1.jar:/home/lpatil/.m2/repository/io/micrometer/micrometer-core/1.9.1/micrometer-core-1.9.1.jar:/home/lpatil/.m2/repository/org/hdrhistogram/HdrHistogram/2.1.12/HdrHistogram-2.1.12.jar:/home/lpatil/.m2/repository/org/latencyutils/LatencyUtils/2.0.3/LatencyUtils-2.0.3.jar:/home/lpatil/.m2/repository/org/springframework/cloud/spring-cloud-starter-config/3.1.3/spring-cloud-starter-config-3.1.3.jar:/home/lpatil/.m2/repository/org/springframework/cloud/spring-cloud-starter/3.1.3/spring-cloud-starter-3.1.3.jar:/home/lpatil/.m2/repository/org/springframework/security/spring-security-rsa/1.0.10.RELEASE/spring-security-rsa-1.0.10.RELEASE.jar:/home/lpatil/.m2/repository/org/bouncycastle/bcpkix-jdk15on/1.68/bcpkix-jdk15on-1.68.jar:/home/lpatil/.m2/repository/org/springframework/cloud/spring-cloud-starter-bus-kafka/3.1.2/spring-cloud-starter-bus-kafka-3.1.2.jar:/home/lpatil/.m2/repository/org/springframework/cloud/spring-cloud-starter-stream-kafka/3.2.4/spring-cloud-starter-stream-kafka-3.2.4.jar:/home/lpatil/.m2/repository/org/springframework/cloud/spring-cloud-stream-binder-kafka/3.2.4/spring-cloud-stream-binder-kafka-3.2.4.jar:/home/lpatil/.m2/repository/org/springframework/cloud/spring-cloud-stream-binder-kafka-core/3.2.4/spring-cloud-stream-binder-kafka-core-3.2.4.jar:/home/lpatil/.m2/repository/org/springframework/integration/spring-integration-kafka/5.5.13/spring-integration-kafka-5.5.13.jar:/home/lpatil/.m2/repository/org/springframework/cloud/spring-cloud-stream/3.2.4/spring-cloud-stream-3.2.4.jar:/home/lpatil/.m2/repository/org/springframework/boot/spring-boot-starter-validation/2.7.1/spring-boot-starter-validation-2.7.1.jar:/home/lpatil/.m2/repository/org/apache/tomcat/embed/tomcat-embed-el/9.0.64/tomcat-embed-el-9.0.64.jar:/home/lpatil/.m2/repository/org/hibernate/validator/hibernate-validator/6.2.3.Final/hibernate-validator-6.2.3.Final.jar:/home/lpatil/.m2/repository/jakarta/validation/jakarta.validation-api/2.0.2/jakarta.validation-api-2.0.2.jar:/home/lpatil/.m2/repository/org/jboss/logging/jboss-logging/3.4.3.Final/jboss-logging-3.4.3.Final.jar:/home/lpatil/.m2/repository/org/springframework/integration/spring-integration-jmx/5.5.13/spring-integration-jmx-5.5.13.jar:/home/lpatil/.m2/repository/org/springframework/kafka/spring-kafka/2.8.7/spring-kafka-2.8.7.jar:/home/lpatil/.m2/repository/org/springframework/cloud/spring-cloud-starter-vault-config/3.1.1/spring-cloud-starter-vault-config-3.1.1.jar:/home/lpatil/.m2/repository/org/apache/httpcomponents/httpclient/4.5.13/httpclient-4.5.13.jar:/home/lpatil/.m2/repository/commons-codec/commons-codec/1.15/commons-codec-1.15.jar:/home/lpatil/.m2/repository/org/apache/httpcomponents/httpcore/4.4.15/httpcore-4.4.15.jar:/home/lpatil/.m2/repository/org/springframework/cloud/spring-cloud-vault-config/3.1.1/spring-cloud-vault-config-3.1.1.jar:/home/lpatil/.m2/repository/org/springframework/vault/spring-vault-core/2.3.2/spring-vault-core-2.3.2.jar:/home/lpatil/.m2/repository/io/micrometer/micrometer-registry-prometheus/1.9.4/micrometer-registry-prometheus-1.9.4.jar:/home/lpatil/.m2/repository/io/prometheus/simpleclient_common/0.15.0/simpleclient_common-0.15.0.jar:/home/lpatil/.m2/repository/io/prometheus/simpleclient/0.15.0/simpleclient-0.15.0.jar:/home/lpatil/.m2/repository/io/prometheus/simpleclient_tracer_otel/0.15.0/simpleclient_tracer_otel-0.15.0.jar:/home/lpatil/.m2/repository/io/prometheus/simpleclient_tracer_common/0.15.0/simpleclient_tracer_common-0.15.0.jar:/home/lpatil/.m2/repository/io/prometheus/simpleclient_tracer_otel_agent/0.15.0/simpleclient_tracer_otel_agent-0.15.0.jar:/home/lpatil/.m2/repository/org/projectlombok/lombok/1.18.24/lombok-1.18.24.jar:/home/lpatil/.m2/repository/org/bouncycastle/bcprov-jdk15on/1.70/bcprov-jdk15on-1.70.jar:/home/lpatil/.m2/repository/org/springframework/cloud/spring-cloud-function-context/3.2.6/spring-cloud-function-context-3.2.6.jar:/home/lpatil/.m2/repository/net/jodah/typetools/0.6.2/typetools-0.6.2.jar:/home/lpatil/.m2/repository/org/springframework/boot/spring-boot-autoconfigure/2.7.1/spring-boot-autoconfigure-2.7.1.jar:/home/lpatil/.m2/repository/org/springframework/boot/spring-boot/2.7.1/spring-boot-2.7.1.jar:/home/lpatil/.m2/repository/org/springframework/cloud/spring-cloud-function-core/3.2.5/spring-cloud-function-core-3.2.5.jar:/home/lpatil/.m2/repository/org/springframework/spring-messaging/5.3.21/spring-messaging-5.3.21.jar:/home/lpatil/.m2/repository/com/fasterxml/jackson/core/jackson-databind/2.13.3/jackson-databind-2.13.3.jar:/home/lpatil/.m2/repository/com/fasterxml/jackson/core/jackson-annotations/2.13.3/jackson-annotations-2.13.3.jar:/home/lpatil/.m2/repository/com/fasterxml/jackson/core/jackson-core/2.13.3/jackson-core-2.13.3.jar:/home/lpatil/.m2/repository/javax/annotation/javax.annotation-api/1.3.2/javax.annotation-api-1.3.2.jar:/home/lpatil/.m2/repository/org/yaml/snakeyaml/1.32/snakeyaml-1.32.jar:/home/lpatil/.m2/repository/org/springframework/boot/spring-boot-starter-test/2.7.1/spring-boot-starter-test-2.7.1.jar:/home/lpatil/.m2/repository/org/springframework/boot/spring-boot-starter/2.7.1/spring-boot-starter-2.7.1.jar:/home/lpatil/.m2/repository/jakarta/annotation/jakarta.annotation-api/1.3.5/jakarta.annotation-api-1.3.5.jar:/home/lpatil/.m2/repository/org/springframework/boot/spring-boot-test/2.7.1/spring-boot-test-2.7.1.jar:/home/lpatil/.m2/repository/org/springframework/boot/spring-boot-test-autoconfigure/2.7.1/spring-boot-test-autoconfigure-2.7.1.jar:/home/lpatil/.m2/repository/com/jayway/jsonpath/json-path/2.7.0/json-path-2.7.0.jar:/home/lpatil/.m2/repository/net/minidev/json-smart/2.4.8/json-smart-2.4.8.jar:/home/lpatil/.m2/repository/net/minidev/accessors-smart/2.4.8/accessors-smart-2.4.8.jar:/home/lpatil/.m2/repository/org/ow2/asm/asm/9.1/asm-9.1.jar:/home/lpatil/.m2/repository/jakarta/xml/bind/jakarta.xml.bind-api/2.3.3/jakarta.xml.bind-api-2.3.3.jar:/home/lpatil/.m2/repository/jakarta/activation/jakarta.activation-api/1.2.2/jakarta.activation-api-1.2.2.jar:/home/lpatil/.m2/repository/org/assertj/assertj-core/3.22.0/assertj-core-3.22.0.jar:/home/lpatil/.m2/repository/org/hamcrest/hamcrest/2.2/hamcrest-2.2.jar:/home/lpatil/.m2/repository/org/junit/jupiter/junit-jupiter/5.8.2/junit-jupiter-5.8.2.jar:/home/lpatil/.m2/repository/org/junit/jupiter/junit-jupiter-params/5.8.2/junit-jupiter-params-5.8.2.jar:/home/lpatil/.m2/repository/org/junit/jupiter/junit-jupiter-engine/5.8.2/junit-jupiter-engine-5.8.2.jar:/home/lpatil/.m2/repository/org/junit/platform/junit-platform-engine/1.8.2/junit-platform-engine-1.8.2.jar:/home/lpatil/.m2/repository/org/mockito/mockito-core/4.5.1/mockito-core-4.5.1.jar:/home/lpatil/.m2/repository/net/bytebuddy/byte-buddy/1.12.11/byte-buddy-1.12.11.jar:/home/lpatil/.m2/repository/net/bytebuddy/byte-buddy-agent/1.12.11/byte-buddy-agent-1.12.11.jar:/home/lpatil/.m2/repository/org/objenesis/objenesis/3.2/objenesis-3.2.jar:/home/lpatil/.m2/repository/org/mockito/mockito-junit-jupiter/4.5.1/mockito-junit-jupiter-4.5.1.jar:/home/lpatil/.m2/repository/org/skyscreamer/jsonassert/1.5.0/jsonassert-1.5.0.jar:/home/lpatil/.m2/repository/com/vaadin/external/google/android-json/0.0.20131108.vaadin1/android-json-0.0.20131108.vaadin1.jar:/home/lpatil/.m2/repository/org/springframework/spring-test/5.3.21/spring-test-5.3.21.jar:/home/lpatil/.m2/repository/org/xmlunit/xmlunit-core/2.9.0/xmlunit-core-2.9.0.jar:/home/lpatil/.m2/repository/org/springframework/kafka/spring-kafka-test/2.8.7/spring-kafka-test-2.8.7.jar:/home/lpatil/.m2/repository/org/springframework/retry/spring-retry/1.3.3/spring-retry-1.3.3.jar:/home/lpatil/.m2/repository/org/apache/zookeeper/zookeeper/3.6.3/zookeeper-3.6.3.jar:/home/lpatil/.m2/repository/org/apache/zookeeper/zookeeper-jute/3.6.3/zookeeper-jute-3.6.3.jar:/home/lpatil/.m2/repository/org/apache/yetus/audience-annotations/0.5.0/audience-annotations-0.5.0.jar:/home/lpatil/.m2/repository/io/netty/netty-transport-native-epoll/4.1.78.Final/netty-transport-native-epoll-4.1.78.Final.jar:/home/lpatil/.m2/repository/io/netty/netty-transport-classes-epoll/4.1.78.Final/netty-transport-classes-epoll-4.1.78.Final.jar:/home/lpatil/.m2/repository/org/apache/kafka/kafka-clients/3.1.1/kafka-clients-3.1.1-test.jar:/home/lpatil/.m2/repository/com/github/luben/zstd-jni/1.5.0-4/zstd-jni-1.5.0-4.jar:/home/lpatil/.m2/repository/org/lz4/lz4-java/1.8.0/lz4-java-1.8.0.jar:/home/lpatil/.m2/repository/org/xerial/snappy/snappy-java/1.1.8.4/snappy-java-1.1.8.4.jar:/home/lpatil/.m2/repository/org/apache/kafka/kafka-metadata/3.1.1/kafka-metadata-3.1.1.jar:/home/lpatil/.m2/repository/org/apache/kafka/kafka-server-common/3.1.1/kafka-server-common-3.1.1.jar:/home/lpatil/.m2/repository/org/apache/kafka/kafka-clients/3.1.1/kafka-clients-3.1.1.jar:/home/lpatil/.m2/repository/org/apache/kafka/kafka-raft/3.1.1/kafka-raft-3.1.1.jar:/home/lpatil/.m2/repository/com/fasterxml/jackson/datatype/jackson-datatype-jdk8/2.13.3/jackson-datatype-jdk8-2.13.3.jar:/home/lpatil/.m2/repository/com/yammer/metrics/metrics-core/2.2.0/metrics-core-2.2.0.jar:/home/lpatil/.m2/repository/org/apache/kafka/kafka-streams-test-utils/3.1.1/kafka-streams-test-utils-3.1.1.jar:/home/lpatil/.m2/repository/org/apache/kafka/kafka-streams/3.1.1/kafka-streams-3.1.1.jar:/home/lpatil/.m2/repository/org/rocksdb/rocksdbjni/6.22.1.1/rocksdbjni-6.22.1.1.jar:/home/lpatil/.m2/repository/org/apache/kafka/kafka_2.13/3.1.1/kafka_2.13-3.1.1.jar:/home/lpatil/.m2/repository/org/scala-lang/scala-library/2.13.6/scala-library-2.13.6.jar:/home/lpatil/.m2/repository/org/apache/kafka/kafka-storage/3.1.1/kafka-storage-3.1.1.jar:/home/lpatil/.m2/repository/org/apache/kafka/kafka-storage-api/3.1.1/kafka-storage-api-3.1.1.jar:/home/lpatil/.m2/repository/net/sourceforge/argparse4j/argparse4j/0.7.0/argparse4j-0.7.0.jar:/home/lpatil/.m2/repository/com/fasterxml/jackson/module/jackson-module-scala_2.13/2.13.3/jackson-module-scala_2.13-2.13.3.jar:/home/lpatil/.m2/repository/com/thoughtworks/paranamer/paranamer/2.8/paranamer-2.8.jar:/home/lpatil/.m2/repository/com/fasterxml/jackson/dataformat/jackson-dataformat-csv/2.13.3/jackson-dataformat-csv-2.13.3.jar:/home/lpatil/.m2/repository/net/sf/jopt-simple/jopt-simple/5.0.4/jopt-simple-5.0.4.jar:/home/lpatil/.m2/repository/org/bitbucket/b_c/jose4j/0.7.8/jose4j-0.7.8.jar:/home/lpatil/.m2/repository/org/scala-lang/modules/scala-collection-compat_2.13/2.4.4/scala-collection-compat_2.13-2.4.4.jar:/home/lpatil/.m2/repository/org/scala-lang/modules/scala-java8-compat_2.13/1.0.0/scala-java8-compat_2.13-1.0.0.jar:/home/lpatil/.m2/repository/org/scala-lang/scala-reflect/2.13.6/scala-reflect-2.13.6.jar:/home/lpatil/.m2/repository/com/typesafe/scala-logging/scala-logging_2.13/3.9.3/scala-logging_2.13-3.9.3.jar:/home/lpatil/.m2/repository/io/dropwizard/metrics/metrics-core/4.2.10/metrics-core-4.2.10.jar:/home/lpatil/.m2/repository/commons-cli/commons-cli/1.4/commons-cli-1.4.jar:/home/lpatil/.m2/repository/org/apache/kafka/kafka_2.13/3.1.1/kafka_2.13-3.1.1-test.jar:/home/lpatil/.m2/repository/org/junit/jupiter/junit-jupiter-api/5.8.2/junit-jupiter-api-5.8.2.jar:/home/lpatil/.m2/repository/org/opentest4j/opentest4j/1.2.0/opentest4j-1.2.0.jar:/home/lpatil/.m2/repository/org/junit/platform/junit-platform-commons/1.8.2/junit-platform-commons-1.8.2.jar:/home/lpatil/.m2/repository/org/apiguardian/apiguardian-api/1.1.2/apiguardian-api-1.1.2.jar:/home/lpatil/.m2/repository/com/google/code/findbugs/jsr305/3.0.2/jsr305-3.0.2.jar:/home/lpatil/.m2/repository/com/digite/cloud/fabric/digite-design-tests/1.0/digite-design-tests-1.0.jar:/home/lpatil/.m2/repository/org/springframework/spring-web/5.3.21/spring-web-5.3.21.jar:/home/lpatil/.m2/repository/io/springfox/springfox-swagger2/3.0.0/springfox-swagger2-3.0.0.jar:/home/lpatil/.m2/repository/io/springfox/springfox-spi/3.0.0/springfox-spi-3.0.0.jar:/home/lpatil/.m2/repository/io/springfox/springfox-core/3.0.0/springfox-core-3.0.0.jar:/home/lpatil/.m2/repository/io/springfox/springfox-schema/3.0.0/springfox-schema-3.0.0.jar:/home/lpatil/.m2/repository/io/springfox/springfox-swagger-common/3.0.0/springfox-swagger-common-3.0.0.jar:/home/lpatil/.m2/repository/io/swagger/core/v3/swagger-annotations/2.1.2/swagger-annotations-2.1.2.jar:/home/lpatil/.m2/repository/io/springfox/springfox-spring-web/3.0.0/springfox-spring-web-3.0.0.jar:/home/lpatil/.m2/repository/io/github/classgraph/classgraph/4.8.83/classgraph-4.8.83.jar:/home/lpatil/.m2/repository/io/springfox/springfox-spring-webmvc/3.0.0/springfox-spring-webmvc-3.0.0.jar:/home/lpatil/.m2/repository/io/springfox/springfox-spring-webflux/3.0.0/springfox-spring-webflux-3.0.0.jar:/home/lpatil/.m2/repository/com/fasterxml/classmate/1.5.1/classmate-1.5.1.jar:/home/lpatil/.m2/repository/org/springframework/plugin/spring-plugin-core/2.0.0.RELEASE/spring-plugin-core-2.0.0.RELEASE.jar:/home/lpatil/.m2/repository/org/springframework/plugin/spring-plugin-metadata/2.0.0.RELEASE/spring-plugin-metadata-2.0.0.RELEASE.jar:/home/lpatil/.m2/repository/io/swagger/swagger-annotations/1.5.20/swagger-annotations-1.5.20.jar:/home/lpatil/.m2/repository/io/swagger/swagger-models/1.5.20/swagger-models-1.5.20.jar:/home/lpatil/.m2/repository/org/mapstruct/mapstruct/1.3.1.Final/mapstruct-1.3.1.Final.jar:/home/lpatil/.m2/repository/com/tngtech/archunit/archunit/0.23.1/archunit-0.23.1.jar:/home/lpatil/.m2/repository/org/awaitility/awaitility/4.2.0/awaitility-4.2.0.jar:/home/lpatil/.m2/repository/de/flapdoodle/embed/de.flapdoodle.embed.mongo/3.5.0/de.flapdoodle.embed.mongo-3.5.0.jar:/home/lpatil/.m2/repository/de/flapdoodle/embed/de.flapdoodle.embed.process/3.2.0/de.flapdoodle.embed.process-3.2.0.jar:/home/lpatil/.m2/repository/de/flapdoodle/de.flapdoodle.os/1.2.1/de.flapdoodle.os-1.2.1.jar:/home/lpatil/.m2/repository/org/apache/commons/commons-lang3/3.12.0/commons-lang3-3.12.0.jar:/home/lpatil/.m2/repository/org/apache/commons/commons-compress/1.21/commons-compress-1.21.jar:/home/lpatil/.m2/repository/net/java/dev/jna/jna/5.12.1/jna-5.12.1.jar:/home/lpatil/.m2/repository/net/java/dev/jna/jna-platform/5.12.1/jna-platform-5.12.1.jar:/home/lpatil/.m2/repository/de/flapdoodle/embed/de.flapdoodle.embed.mongo.packageresolver/1.0.11/de.flapdoodle.embed.mongo.packageresolver-1.0.11.jar:"/>
    <property name="java.vm.vendor" value="Eclipse Adoptium"/>
    <property name="sun.arch.data.model" value="64"/>
    <property name="java.vendor.url" value="https://adoptium.net/"/>
    <property name="os.name" value="Linux"/>
    <property name="java.vm.specification.version" value="17"/>
    <property name="sun.java.launcher" value="SUN_STANDARD"/>
    <property name="user.country" value="IN"/>
    <property name="sun.boot.library.path" value="/home/lpatil/.jdks/temurin-17.0.1/lib"/>
    <property name="sun.java.command" value="/home/lpatil/BAAS/GIt ka tamasha/git-service/git-service-fabric/target/surefire/surefirebooter4935837740224623961.jar /home/lpatil/BAAS/GIt ka tamasha/git-service/git-service-fabric/target/surefire 2022-11-21T17-47-16_915-jvmRun1 surefire7080600561618045608tmp surefire_17449948695484595253tmp"/>
    <property name="jdk.debug" value="release"/>
    <property name="surefire.test.class.path" value="/home/lpatil/BAAS/GIt ka tamasha/git-service/git-service-fabric/target/test-classes:/home/lpatil/BAAS/GIt ka tamasha/git-service/git-service-fabric/target/classes:/home/lpatil/BAAS/GIt ka tamasha/git-service/git-data-lib/target/git-data-lib-1.0-SNAPSHOT.jar:/home/lpatil/.m2/repository/org/springframework/boot/spring-boot-starter-webflux/2.7.1/spring-boot-starter-webflux-2.7.1.jar:/home/lpatil/.m2/repository/org/springframework/boot/spring-boot-starter-json/2.7.1/spring-boot-starter-json-2.7.1.jar:/home/lpatil/.m2/repository/com/fasterxml/jackson/datatype/jackson-datatype-jsr310/2.13.3/jackson-datatype-jsr310-2.13.3.jar:/home/lpatil/.m2/repository/com/fasterxml/jackson/module/jackson-module-parameter-names/2.13.3/jackson-module-parameter-names-2.13.3.jar:/home/lpatil/.m2/repository/org/springframework/boot/spring-boot-starter-reactor-netty/2.7.1/spring-boot-starter-reactor-netty-2.7.1.jar:/home/lpatil/.m2/repository/io/projectreactor/netty/reactor-netty-http/1.0.20/reactor-netty-http-1.0.20.jar:/home/lpatil/.m2/repository/io/netty/netty-codec-http/4.1.78.Final/netty-codec-http-4.1.78.Final.jar:/home/lpatil/.m2/repository/io/netty/netty-codec-http2/4.1.78.Final/netty-codec-http2-4.1.78.Final.jar:/home/lpatil/.m2/repository/io/netty/netty-resolver-dns/4.1.78.Final/netty-resolver-dns-4.1.78.Final.jar:/home/lpatil/.m2/repository/io/netty/netty-codec-dns/4.1.78.Final/netty-codec-dns-4.1.78.Final.jar:/home/lpatil/.m2/repository/io/netty/netty-resolver-dns-native-macos/4.1.78.Final/netty-resolver-dns-native-macos-4.1.78.Final-osx-x86_64.jar:/home/lpatil/.m2/repository/io/netty/netty-resolver-dns-classes-macos/4.1.78.Final/netty-resolver-dns-classes-macos-4.1.78.Final.jar:/home/lpatil/.m2/repository/io/netty/netty-transport-native-epoll/4.1.78.Final/netty-transport-native-epoll-4.1.78.Final-linux-x86_64.jar:/home/lpatil/.m2/repository/io/projectreactor/netty/reactor-netty-core/1.0.20/reactor-netty-core-1.0.20.jar:/home/lpatil/.m2/repository/io/netty/netty-handler-proxy/4.1.78.Final/netty-handler-proxy-4.1.78.Final.jar:/home/lpatil/.m2/repository/io/netty/netty-codec-socks/4.1.78.Final/netty-codec-socks-4.1.78.Final.jar:/home/lpatil/.m2/repository/org/springframework/spring-webflux/5.3.21/spring-webflux-5.3.21.jar:/home/lpatil/.m2/repository/org/springframework/boot/spring-boot-starter-data-mongodb-reactive/2.7.1/spring-boot-starter-data-mongodb-reactive-2.7.1.jar:/home/lpatil/.m2/repository/io/projectreactor/reactor-core/3.4.19/reactor-core-3.4.19.jar:/home/lpatil/.m2/repository/org/reactivestreams/reactive-streams/1.0.4/reactive-streams-1.0.4.jar:/home/lpatil/.m2/repository/org/mongodb/mongodb-driver-reactivestreams/4.6.1/mongodb-driver-reactivestreams-4.6.1.jar:/home/lpatil/.m2/repository/io/netty/netty-handler/4.1.78.Final/netty-handler-4.1.78.Final.jar:/home/lpatil/.m2/repository/io/netty/netty-common/4.1.78.Final/netty-common-4.1.78.Final.jar:/home/lpatil/.m2/repository/io/netty/netty-resolver/4.1.78.Final/netty-resolver-4.1.78.Final.jar:/home/lpatil/.m2/repository/io/netty/netty-buffer/4.1.78.Final/netty-buffer-4.1.78.Final.jar:/home/lpatil/.m2/repository/io/netty/netty-transport/4.1.78.Final/netty-transport-4.1.78.Final.jar:/home/lpatil/.m2/repository/io/netty/netty-transport-native-unix-common/4.1.78.Final/netty-transport-native-unix-common-4.1.78.Final.jar:/home/lpatil/.m2/repository/io/netty/netty-codec/4.1.78.Final/netty-codec-4.1.78.Final.jar:/home/lpatil/.m2/repository/org/springframework/data/spring-data-mongodb/3.4.1/spring-data-mongodb-3.4.1.jar:/home/lpatil/.m2/repository/org/springframework/spring-tx/5.3.21/spring-tx-5.3.21.jar:/home/lpatil/.m2/repository/org/springframework/spring-context/5.3.21/spring-context-5.3.21.jar:/home/lpatil/.m2/repository/org/springframework/spring-aop/5.3.21/spring-aop-5.3.21.jar:/home/lpatil/.m2/repository/org/springframework/spring-beans/5.3.21/spring-beans-5.3.21.jar:/home/lpatil/.m2/repository/org/springframework/spring-core/5.3.21/spring-core-5.3.21.jar:/home/lpatil/.m2/repository/org/springframework/spring-jcl/5.3.21/spring-jcl-5.3.21.jar:/home/lpatil/.m2/repository/org/springframework/spring-expression/5.3.21/spring-expression-5.3.21.jar:/home/lpatil/.m2/repository/org/springframework/data/spring-data-commons/2.7.1/spring-data-commons-2.7.1.jar:/home/lpatil/.m2/repository/org/mongodb/mongodb-driver-core/4.6.1/mongodb-driver-core-4.6.1.jar:/home/lpatil/.m2/repository/org/mongodb/bson/4.6.1/bson-4.6.1.jar:/home/lpatil/.m2/repository/org/mongodb/bson-record-codec/4.6.1/bson-record-codec-4.6.1.jar:/home/lpatil/.m2/repository/org/slf4j/slf4j-api/1.7.36/slf4j-api-1.7.36.jar:/home/lpatil/.m2/repository/com/digite/cloud/fabric/fabric-spring-boot-starter/1.0.1/fabric-spring-boot-starter-1.0.1.jar:/home/lpatil/.m2/repository/org/springframework/boot/spring-boot-starter-log4j2/2.7.1/spring-boot-starter-log4j2-2.7.1.jar:/home/lpatil/.m2/repository/org/apache/logging/log4j/log4j-slf4j-impl/2.17.2/log4j-slf4j-impl-2.17.2.jar:/home/lpatil/.m2/repository/org/apache/logging/log4j/log4j-core/2.17.2/log4j-core-2.17.2.jar:/home/lpatil/.m2/repository/org/apache/logging/log4j/log4j-jul/2.17.2/log4j-jul-2.17.2.jar:/home/lpatil/.m2/repository/org/slf4j/jul-to-slf4j/1.7.36/jul-to-slf4j-1.7.36.jar:/home/lpatil/.m2/repository/org/apache/logging/log4j/log4j-spring-cloud-config-client/2.18.0/log4j-spring-cloud-config-client-2.18.0.jar:/home/lpatil/.m2/repository/org/apache/logging/log4j/log4j-spring-boot/2.17.2/log4j-spring-boot-2.17.2.jar:/home/lpatil/.m2/repository/org/springframework/spring-context-support/5.3.21/spring-context-support-5.3.21.jar:/home/lpatil/.m2/repository/org/springframework/cloud/spring-cloud-starter-bootstrap/3.1.3/spring-cloud-starter-bootstrap-3.1.3.jar:/home/lpatil/.m2/repository/org/springframework/cloud/spring-cloud-config-client/3.1.3/spring-cloud-config-client-3.1.3.jar:/home/lpatil/.m2/repository/org/springframework/cloud/spring-cloud-commons/3.1.3/spring-cloud-commons-3.1.3.jar:/home/lpatil/.m2/repository/org/springframework/security/spring-security-crypto/5.7.2/spring-security-crypto-5.7.2.jar:/home/lpatil/.m2/repository/org/springframework/cloud/spring-cloud-context/3.1.3/spring-cloud-context-3.1.3.jar:/home/lpatil/.m2/repository/org/springframework/cloud/spring-cloud-bus/3.1.2/spring-cloud-bus-3.1.2.jar:/home/lpatil/.m2/repository/org/springframework/integration/spring-integration-core/5.5.13/spring-integration-core-5.5.13.jar:/home/lpatil/.m2/repository/commons-logging/commons-logging/1.2/commons-logging-1.2.jar:/home/lpatil/.m2/repository/org/apache/logging/log4j/log4j-api/2.17.2/log4j-api-2.17.2.jar:/home/lpatil/.m2/repository/pl/tkowalcz/tjahzi/log4j2-appender/0.9.24/log4j2-appender-0.9.24.jar:/home/lpatil/.m2/repository/pl/tkowalcz/tjahzi/core/0.9.24/core-0.9.24.jar:/home/lpatil/.m2/repository/org/agrona/agrona/1.12.0/agrona-1.12.0.jar:/home/lpatil/.m2/repository/org/springframework/boot/spring-boot-starter-actuator/2.7.1/spring-boot-starter-actuator-2.7.1.jar:/home/lpatil/.m2/repository/org/springframework/boot/spring-boot-actuator-autoconfigure/2.7.1/spring-boot-actuator-autoconfigure-2.7.1.jar:/home/lpatil/.m2/repository/org/springframework/boot/spring-boot-actuator/2.7.1/spring-boot-actuator-2.7.1.jar:/home/lpatil/.m2/repository/io/micrometer/micrometer-core/1.9.1/micrometer-core-1.9.1.jar:/home/lpatil/.m2/repository/org/hdrhistogram/HdrHistogram/2.1.12/HdrHistogram-2.1.12.jar:/home/lpatil/.m2/repository/org/latencyutils/LatencyUtils/2.0.3/LatencyUtils-2.0.3.jar:/home/lpatil/.m2/repository/org/springframework/cloud/spring-cloud-starter-config/3.1.3/spring-cloud-starter-config-3.1.3.jar:/home/lpatil/.m2/repository/org/springframework/cloud/spring-cloud-starter/3.1.3/spring-cloud-starter-3.1.3.jar:/home/lpatil/.m2/repository/org/springframework/security/spring-security-rsa/1.0.10.RELEASE/spring-security-rsa-1.0.10.RELEASE.jar:/home/lpatil/.m2/repository/org/bouncycastle/bcpkix-jdk15on/1.68/bcpkix-jdk15on-1.68.jar:/home/lpatil/.m2/repository/org/springframework/cloud/spring-cloud-starter-bus-kafka/3.1.2/spring-cloud-starter-bus-kafka-3.1.2.jar:/home/lpatil/.m2/repository/org/springframework/cloud/spring-cloud-starter-stream-kafka/3.2.4/spring-cloud-starter-stream-kafka-3.2.4.jar:/home/lpatil/.m2/repository/org/springframework/cloud/spring-cloud-stream-binder-kafka/3.2.4/spring-cloud-stream-binder-kafka-3.2.4.jar:/home/lpatil/.m2/repository/org/springframework/cloud/spring-cloud-stream-binder-kafka-core/3.2.4/spring-cloud-stream-binder-kafka-core-3.2.4.jar:/home/lpatil/.m2/repository/org/springframework/integration/spring-integration-kafka/5.5.13/spring-integration-kafka-5.5.13.jar:/home/lpatil/.m2/repository/org/springframework/cloud/spring-cloud-stream/3.2.4/spring-cloud-stream-3.2.4.jar:/home/lpatil/.m2/repository/org/springframework/boot/spring-boot-starter-validation/2.7.1/spring-boot-starter-validation-2.7.1.jar:/home/lpatil/.m2/repository/org/apache/tomcat/embed/tomcat-embed-el/9.0.64/tomcat-embed-el-9.0.64.jar:/home/lpatil/.m2/repository/org/hibernate/validator/hibernate-validator/6.2.3.Final/hibernate-validator-6.2.3.Final.jar:/home/lpatil/.m2/repository/jakarta/validation/jakarta.validation-api/2.0.2/jakarta.validation-api-2.0.2.jar:/home/lpatil/.m2/repository/org/jboss/logging/jboss-logging/3.4.3.Final/jboss-logging-3.4.3.Final.jar:/home/lpatil/.m2/repository/org/springframework/integration/spring-integration-jmx/5.5.13/spring-integration-jmx-5.5.13.jar:/home/lpatil/.m2/repository/org/springframework/kafka/spring-kafka/2.8.7/spring-kafka-2.8.7.jar:/home/lpatil/.m2/repository/org/springframework/cloud/spring-cloud-starter-vault-config/3.1.1/spring-cloud-starter-vault-config-3.1.1.jar:/home/lpatil/.m2/repository/org/apache/httpcomponents/httpclient/4.5.13/httpclient-4.5.13.jar:/home/lpatil/.m2/repository/commons-codec/commons-codec/1.15/commons-codec-1.15.jar:/home/lpatil/.m2/repository/org/apache/httpcomponents/httpcore/4.4.15/httpcore-4.4.15.jar:/home/lpatil/.m2/repository/org/springframework/cloud/spring-cloud-vault-config/3.1.1/spring-cloud-vault-config-3.1.1.jar:/home/lpatil/.m2/repository/org/springframework/vault/spring-vault-core/2.3.2/spring-vault-core-2.3.2.jar:/home/lpatil/.m2/repository/io/micrometer/micrometer-registry-prometheus/1.9.4/micrometer-registry-prometheus-1.9.4.jar:/home/lpatil/.m2/repository/io/prometheus/simpleclient_common/0.15.0/simpleclient_common-0.15.0.jar:/home/lpatil/.m2/repository/io/prometheus/simpleclient/0.15.0/simpleclient-0.15.0.jar:/home/lpatil/.m2/repository/io/prometheus/simpleclient_tracer_otel/0.15.0/simpleclient_tracer_otel-0.15.0.jar:/home/lpatil/.m2/repository/io/prometheus/simpleclient_tracer_common/0.15.0/simpleclient_tracer_common-0.15.0.jar:/home/lpatil/.m2/repository/io/prometheus/simpleclient_tracer_otel_agent/0.15.0/simpleclient_tracer_otel_agent-0.15.0.jar:/home/lpatil/.m2/repository/org/projectlombok/lombok/1.18.24/lombok-1.18.24.jar:/home/lpatil/.m2/repository/org/bouncycastle/bcprov-jdk15on/1.70/bcprov-jdk15on-1.70.jar:/home/lpatil/.m2/repository/org/springframework/cloud/spring-cloud-function-context/3.2.6/spring-cloud-function-context-3.2.6.jar:/home/lpatil/.m2/repository/net/jodah/typetools/0.6.2/typetools-0.6.2.jar:/home/lpatil/.m2/repository/org/springframework/boot/spring-boot-autoconfigure/2.7.1/spring-boot-autoconfigure-2.7.1.jar:/home/lpatil/.m2/repository/org/springframework/boot/spring-boot/2.7.1/spring-boot-2.7.1.jar:/home/lpatil/.m2/repository/org/springframework/cloud/spring-cloud-function-core/3.2.5/spring-cloud-function-core-3.2.5.jar:/home/lpatil/.m2/repository/org/springframework/spring-messaging/5.3.21/spring-messaging-5.3.21.jar:/home/lpatil/.m2/repository/com/fasterxml/jackson/core/jackson-databind/2.13.3/jackson-databind-2.13.3.jar:/home/lpatil/.m2/repository/com/fasterxml/jackson/core/jackson-annotations/2.13.3/jackson-annotations-2.13.3.jar:/home/lpatil/.m2/repository/com/fasterxml/jackson/core/jackson-core/2.13.3/jackson-core-2.13.3.jar:/home/lpatil/.m2/repository/javax/annotation/javax.annotation-api/1.3.2/javax.annotation-api-1.3.2.jar:/home/lpatil/.m2/repository/org/yaml/snakeyaml/1.32/snakeyaml-1.32.jar:/home/lpatil/.m2/repository/org/springframework/boot/spring-boot-starter-test/2.7.1/spring-boot-starter-test-2.7.1.jar:/home/lpatil/.m2/repository/org/springframework/boot/spring-boot-starter/2.7.1/spring-boot-starter-2.7.1.jar:/home/lpatil/.m2/repository/jakarta/annotation/jakarta.annotation-api/1.3.5/jakarta.annotation-api-1.3.5.jar:/home/lpatil/.m2/repository/org/springframework/boot/spring-boot-test/2.7.1/spring-boot-test-2.7.1.jar:/home/lpatil/.m2/repository/org/springframework/boot/spring-boot-test-autoconfigure/2.7.1/spring-boot-test-autoconfigure-2.7.1.jar:/home/lpatil/.m2/repository/com/jayway/jsonpath/json-path/2.7.0/json-path-2.7.0.jar:/home/lpatil/.m2/repository/net/minidev/json-smart/2.4.8/json-smart-2.4.8.jar:/home/lpatil/.m2/repository/net/minidev/accessors-smart/2.4.8/accessors-smart-2.4.8.jar:/home/lpatil/.m2/repository/org/ow2/asm/asm/9.1/asm-9.1.jar:/home/lpatil/.m2/repository/jakarta/xml/bind/jakarta.xml.bind-api/2.3.3/jakarta.xml.bind-api-2.3.3.jar:/home/lpatil/.m2/repository/jakarta/activation/jakarta.activation-api/1.2.2/jakarta.activation-api-1.2.2.jar:/home/lpatil/.m2/repository/org/assertj/assertj-core/3.22.0/assertj-core-3.22.0.jar:/home/lpatil/.m2/repository/org/hamcrest/hamcrest/2.2/hamcrest-2.2.jar:/home/lpatil/.m2/repository/org/junit/jupiter/junit-jupiter/5.8.2/junit-jupiter-5.8.2.jar:/home/lpatil/.m2/repository/org/junit/jupiter/junit-jupiter-params/5.8.2/junit-jupiter-params-5.8.2.jar:/home/lpatil/.m2/repository/org/junit/jupiter/junit-jupiter-engine/5.8.2/junit-jupiter-engine-5.8.2.jar:/home/lpatil/.m2/repository/org/junit/platform/junit-platform-engine/1.8.2/junit-platform-engine-1.8.2.jar:/home/lpatil/.m2/repository/org/mockito/mockito-core/4.5.1/mockito-core-4.5.1.jar:/home/lpatil/.m2/repository/net/bytebuddy/byte-buddy/1.12.11/byte-buddy-1.12.11.jar:/home/lpatil/.m2/repository/net/bytebuddy/byte-buddy-agent/1.12.11/byte-buddy-agent-1.12.11.jar:/home/lpatil/.m2/repository/org/objenesis/objenesis/3.2/objenesis-3.2.jar:/home/lpatil/.m2/repository/org/mockito/mockito-junit-jupiter/4.5.1/mockito-junit-jupiter-4.5.1.jar:/home/lpatil/.m2/repository/org/skyscreamer/jsonassert/1.5.0/jsonassert-1.5.0.jar:/home/lpatil/.m2/repository/com/vaadin/external/google/android-json/0.0.20131108.vaadin1/android-json-0.0.20131108.vaadin1.jar:/home/lpatil/.m2/repository/org/springframework/spring-test/5.3.21/spring-test-5.3.21.jar:/home/lpatil/.m2/repository/org/xmlunit/xmlunit-core/2.9.0/xmlunit-core-2.9.0.jar:/home/lpatil/.m2/repository/org/springframework/kafka/spring-kafka-test/2.8.7/spring-kafka-test-2.8.7.jar:/home/lpatil/.m2/repository/org/springframework/retry/spring-retry/1.3.3/spring-retry-1.3.3.jar:/home/lpatil/.m2/repository/org/apache/zookeeper/zookeeper/3.6.3/zookeeper-3.6.3.jar:/home/lpatil/.m2/repository/org/apache/zookeeper/zookeeper-jute/3.6.3/zookeeper-jute-3.6.3.jar:/home/lpatil/.m2/repository/org/apache/yetus/audience-annotations/0.5.0/audience-annotations-0.5.0.jar:/home/lpatil/.m2/repository/io/netty/netty-transport-native-epoll/4.1.78.Final/netty-transport-native-epoll-4.1.78.Final.jar:/home/lpatil/.m2/repository/io/netty/netty-transport-classes-epoll/4.1.78.Final/netty-transport-classes-epoll-4.1.78.Final.jar:/home/lpatil/.m2/repository/org/apache/kafka/kafka-clients/3.1.1/kafka-clients-3.1.1-test.jar:/home/lpatil/.m2/repository/com/github/luben/zstd-jni/1.5.0-4/zstd-jni-1.5.0-4.jar:/home/lpatil/.m2/repository/org/lz4/lz4-java/1.8.0/lz4-java-1.8.0.jar:/home/lpatil/.m2/repository/org/xerial/snappy/snappy-java/1.1.8.4/snappy-java-1.1.8.4.jar:/home/lpatil/.m2/repository/org/apache/kafka/kafka-metadata/3.1.1/kafka-metadata-3.1.1.jar:/home/lpatil/.m2/repository/org/apache/kafka/kafka-server-common/3.1.1/kafka-server-common-3.1.1.jar:/home/lpatil/.m2/repository/org/apache/kafka/kafka-clients/3.1.1/kafka-clients-3.1.1.jar:/home/lpatil/.m2/repository/org/apache/kafka/kafka-raft/3.1.1/kafka-raft-3.1.1.jar:/home/lpatil/.m2/repository/com/fasterxml/jackson/datatype/jackson-datatype-jdk8/2.13.3/jackson-datatype-jdk8-2.13.3.jar:/home/lpatil/.m2/repository/com/yammer/metrics/metrics-core/2.2.0/metrics-core-2.2.0.jar:/home/lpatil/.m2/repository/org/apache/kafka/kafka-streams-test-utils/3.1.1/kafka-streams-test-utils-3.1.1.jar:/home/lpatil/.m2/repository/org/apache/kafka/kafka-streams/3.1.1/kafka-streams-3.1.1.jar:/home/lpatil/.m2/repository/org/rocksdb/rocksdbjni/6.22.1.1/rocksdbjni-6.22.1.1.jar:/home/lpatil/.m2/repository/org/apache/kafka/kafka_2.13/3.1.1/kafka_2.13-3.1.1.jar:/home/lpatil/.m2/repository/org/scala-lang/scala-library/2.13.6/scala-library-2.13.6.jar:/home/lpatil/.m2/repository/org/apache/kafka/kafka-storage/3.1.1/kafka-storage-3.1.1.jar:/home/lpatil/.m2/repository/org/apache/kafka/kafka-storage-api/3.1.1/kafka-storage-api-3.1.1.jar:/home/lpatil/.m2/repository/net/sourceforge/argparse4j/argparse4j/0.7.0/argparse4j-0.7.0.jar:/home/lpatil/.m2/repository/com/fasterxml/jackson/module/jackson-module-scala_2.13/2.13.3/jackson-module-scala_2.13-2.13.3.jar:/home/lpatil/.m2/repository/com/thoughtworks/paranamer/paranamer/2.8/paranamer-2.8.jar:/home/lpatil/.m2/repository/com/fasterxml/jackson/dataformat/jackson-dataformat-csv/2.13.3/jackson-dataformat-csv-2.13.3.jar:/home/lpatil/.m2/repository/net/sf/jopt-simple/jopt-simple/5.0.4/jopt-simple-5.0.4.jar:/home/lpatil/.m2/repository/org/bitbucket/b_c/jose4j/0.7.8/jose4j-0.7.8.jar:/home/lpatil/.m2/repository/org/scala-lang/modules/scala-collection-compat_2.13/2.4.4/scala-collection-compat_2.13-2.4.4.jar:/home/lpatil/.m2/repository/org/scala-lang/modules/scala-java8-compat_2.13/1.0.0/scala-java8-compat_2.13-1.0.0.jar:/home/lpatil/.m2/repository/org/scala-lang/scala-reflect/2.13.6/scala-reflect-2.13.6.jar:/home/lpatil/.m2/repository/com/typesafe/scala-logging/scala-logging_2.13/3.9.3/scala-logging_2.13-3.9.3.jar:/home/lpatil/.m2/repository/io/dropwizard/metrics/metrics-core/4.2.10/metrics-core-4.2.10.jar:/home/lpatil/.m2/repository/commons-cli/commons-cli/1.4/commons-cli-1.4.jar:/home/lpatil/.m2/repository/org/apache/kafka/kafka_2.13/3.1.1/kafka_2.13-3.1.1-test.jar:/home/lpatil/.m2/repository/org/junit/jupiter/junit-jupiter-api/5.8.2/junit-jupiter-api-5.8.2.jar:/home/lpatil/.m2/repository/org/opentest4j/opentest4j/1.2.0/opentest4j-1.2.0.jar:/home/lpatil/.m2/repository/org/junit/platform/junit-platform-commons/1.8.2/junit-platform-commons-1.8.2.jar:/home/lpatil/.m2/repository/org/apiguardian/apiguardian-api/1.1.2/apiguardian-api-1.1.2.jar:/home/lpatil/.m2/repository/com/google/code/findbugs/jsr305/3.0.2/jsr305-3.0.2.jar:/home/lpatil/.m2/repository/com/digite/cloud/fabric/digite-design-tests/1.0/digite-design-tests-1.0.jar:/home/lpatil/.m2/repository/org/springframework/spring-web/5.3.21/spring-web-5.3.21.jar:/home/lpatil/.m2/repository/io/springfox/springfox-swagger2/3.0.0/springfox-swagger2-3.0.0.jar:/home/lpatil/.m2/repository/io/springfox/springfox-spi/3.0.0/springfox-spi-3.0.0.jar:/home/lpatil/.m2/repository/io/springfox/springfox-core/3.0.0/springfox-core-3.0.0.jar:/home/lpatil/.m2/repository/io/springfox/springfox-schema/3.0.0/springfox-schema-3.0.0.jar:/home/lpatil/.m2/repository/io/springfox/springfox-swagger-common/3.0.0/springfox-swagger-common-3.0.0.jar:/home/lpatil/.m2/repository/io/swagger/core/v3/swagger-annotations/2.1.2/swagger-annotations-2.1.2.jar:/home/lpatil/.m2/repository/io/springfox/springfox-spring-web/3.0.0/springfox-spring-web-3.0.0.jar:/home/lpatil/.m2/repository/io/github/classgraph/classgraph/4.8.83/classgraph-4.8.83.jar:/home/lpatil/.m2/repository/io/springfox/springfox-spring-webmvc/3.0.0/springfox-spring-webmvc-3.0.0.jar:/home/lpatil/.m2/repository/io/springfox/springfox-spring-webflux/3.0.0/springfox-spring-webflux-3.0.0.jar:/home/lpatil/.m2/repository/com/fasterxml/classmate/1.5.1/classmate-1.5.1.jar:/home/lpatil/.m2/repository/org/springframework/plugin/spring-plugin-core/2.0.0.RELEASE/spring-plugin-core-2.0.0.RELEASE.jar:/home/lpatil/.m2/repository/org/springframework/plugin/spring-plugin-metadata/2.0.0.RELEASE/spring-plugin-metadata-2.0.0.RELEASE.jar:/home/lpatil/.m2/repository/io/swagger/swagger-annotations/1.5.20/swagger-annotations-1.5.20.jar:/home/lpatil/.m2/repository/io/swagger/swagger-models/1.5.20/swagger-models-1.5.20.jar:/home/lpatil/.m2/repository/org/mapstruct/mapstruct/1.3.1.Final/mapstruct-1.3.1.Final.jar:/home/lpatil/.m2/repository/com/tngtech/archunit/archunit/0.23.1/archunit-0.23.1.jar:/home/lpatil/.m2/repository/org/awaitility/awaitility/4.2.0/awaitility-4.2.0.jar:/home/lpatil/.m2/repository/de/flapdoodle/embed/de.flapdoodle.embed.mongo/3.5.0/de.flapdoodle.embed.mongo-3.5.0.jar:/home/lpatil/.m2/repository/de/flapdoodle/embed/de.flapdoodle.embed.process/3.2.0/de.flapdoodle.embed.process-3.2.0.jar:/home/lpatil/.m2/repository/de/flapdoodle/de.flapdoodle.os/1.2.1/de.flapdoodle.os-1.2.1.jar:/home/lpatil/.m2/repository/org/apache/commons/commons-lang3/3.12.0/commons-lang3-3.12.0.jar:/home/lpatil/.m2/repository/org/apache/commons/commons-compress/1.21/commons-compress-1.21.jar:/home/lpatil/.m2/repository/net/java/dev/jna/jna/5.12.1/jna-5.12.1.jar:/home/lpatil/.m2/repository/net/java/dev/jna/jna-platform/5.12.1/jna-platform-5.12.1.jar:/home/lpatil/.m2/repository/de/flapdoodle/embed/de.flapdoodle.embed.mongo.packageresolver/1.0.11/de.flapdoodle.embed.mongo.packageresolver-1.0.11.jar:"/>
    <property name="sun.cpu.endian" value="little"/>
    <property name="user.home" value="/home/lpatil"/>
    <property name="user.language" value="en"/>
    <property name="java.specification.vendor" value="Oracle Corporation"/>
    <property name="java.version.date" value="2021-10-19"/>
    <property name="java.home" value="/home/lpatil/.jdks/temurin-17.0.1"/>
    <property name="file.separator" value="/"/>
    <property name="basedir" value="/home/lpatil/BAAS/GIt ka tamasha/git-service/git-service-fabric"/>
    <property name="java.vm.compressedOopsMode" value="Zero based"/>
    <property name="line.separator" value="&#10;"/>
    <property name="java.specification.name" value="Java Platform API Specification"/>
    <property name="java.vm.specification.vendor" value="Oracle Corporation"/>
    <property name="surefire.real.class.path" value="/home/lpatil/BAAS/GIt ka tamasha/git-service/git-service-fabric/target/surefire/surefirebooter4935837740224623961.jar"/>
    <property name="sun.management.compiler" value="HotSpot 64-Bit Tiered Compilers"/>
    <property name="java.runtime.version" value="17.0.1+12"/>
    <property name="user.name" value="lpatil"/>
    <property name="path.separator" value=":"/>
    <property name="os.version" value="5.15.0-53-generic"/>
    <property name="java.runtime.name" value="OpenJDK Runtime Environment"/>
    <property name="file.encoding" value="UTF-8"/>
    <property name="java.vm.name" value="OpenJDK 64-Bit Server VM"/>
    <property name="java.vendor.version" value="Temurin-17.0.1+12"/>
    <property name="localRepository" value="/home/lpatil/.m2/repository"/>
    <property name="java.vendor.url.bug" value="https://github.com/adoptium/adoptium-support/issues"/>
    <property name="java.io.tmpdir" value="/tmp"/>
    <property name="idea.version" value="2022.2.3"/>
    <property name="java.version" value="17.0.1"/>
    <property name="user.dir" value="/home/lpatil/BAAS/GIt ka tamasha/git-service/git-service-fabric"/>
    <property name="os.arch" value="amd64"/>
    <property name="java.vm.specification.name" value="Java Virtual Machine Specification"/>
    <property name="native.encoding" value="UTF-8"/>
    <property name="java.library.path" value="/usr/java/packages/lib:/usr/lib64:/lib64:/lib:/usr/lib"/>
    <property name="java.vm.info" value="mixed mode, sharing"/>
    <property name="java.vendor" value="Eclipse Adoptium"/>
    <property name="java.vm.version" value="17.0.1+12"/>
    <property name="sun.io.unicode.encoding" value="UnicodeLittle"/>
    <property name="maven.repo.local" value="/home/lpatil/.m2/repository"/>
    <property name="java.class.version" value="61.0"/>
  </properties>
  <testcase name="shouldImplementSerializable" classname="com.digite.cloud.vcs.DocumentArchTests$ClassesTests$ThatAreAnnotatedWithDocumentTests" time="0.059">
    <failure message="Rule &apos;classes should be assignable to java.io.Serializable&apos; failed to check any classes. This means either that no classes have been passed to the rule at all, or that no classes passed to the rule matched the `that()` clause. To allow rules being evaluated without checking any classes you can either use `ArchRule.allowEmptyShould(true)` on a single rule or set the configuration property `archRule.failOnEmptyShould = false` to change the behavior globally." type="java.lang.AssertionError">java.lang.AssertionError: Rule 'classes should be assignable to java.io.Serializable' failed to check any classes. This means either that no classes have been passed to the rule at all, or that no classes passed to the rule matched the `that()` clause. To allow rules being evaluated without checking any classes you can either use `ArchRule.allowEmptyShould(true)` on a single rule or set the configuration property `archRule.failOnEmptyShould = false` to change the behavior globally.
	at com.digite.cloud.vcs.DocumentArchTests$ClassesTests$ThatAreAnnotatedWithDocumentTests.shouldImplementSerializable(DocumentArchTests.java:38)
</failure>
  </testcase>
</testsuite>